<?xml version="1.0" encoding="UTF-8"?>
<testng-results skipped="0" failed="0" ignored="0" total="1" passed="1">
  <reporter-output>
  </reporter-output>
  <suite name="Default suite" duration-ms="1910" started-at="2018-02-14T00:29:20Z" finished-at="2018-02-14T00:29:22Z">
    <groups>
      <group name="">
        <method signature="ExtractJSON_Response.postRequest()[pri:0, instance:samples.ExtractJSON_Response@610694f1]" name="postRequest" class="samples.ExtractJSON_Response"/>
      </group> <!--  -->
    </groups>
    <test name="Default test" duration-ms="1910" started-at="2018-02-14T00:29:20Z" finished-at="2018-02-14T00:29:22Z">
      <class name="samples.ExtractJSON_Response">
        <test-method status="PASS" signature="setUp()[pri:0, instance:samples.ExtractJSON_Response@610694f1]" name="setUp" is-config="true" duration-ms="334" started-at="2018-02-13T19:29:20Z" finished-at="2018-02-13T19:29:20Z">
          <reporter-output>
          </reporter-output>
        </test-method> <!-- setUp -->
        <test-method status="PASS" signature="postRequest()[pri:0, instance:samples.ExtractJSON_Response@610694f1]" name="postRequest" duration-ms="1562" started-at="2018-02-13T19:29:20Z" finished-at="2018-02-13T19:29:22Z">
          <reporter-output>
          </reporter-output>
        </test-method> <!-- postRequest -->
      </class> <!-- samples.ExtractJSON_Response -->
    </test> <!-- Default test -->
  </suite> <!-- Default suite -->
</testng-results>
