<?xml version="1.0" encoding="UTF-8"?>
<testng-results skipped="0" failed="0" ignored="0" total="2" passed="2">
  <reporter-output>
  </reporter-output>
  <suite name="Default suite" duration-ms="3779" started-at="2018-02-17T17:51:02Z" finished-at="2018-02-17T17:51:05Z">
    <groups>
    </groups>
    <test name="Default test" duration-ms="3779" started-at="2018-02-17T17:51:02Z" finished-at="2018-02-17T17:51:05Z">
      <class name="specs.ResponseSpecificationDEMO">
        <test-method status="PASS" signature="setUp()[pri:0, instance:specs.ResponseSpecificationDEMO@610694f1]" name="setUp" is-config="true" duration-ms="645" started-at="2018-02-17T12:51:02Z" finished-at="2018-02-17T12:51:02Z">
          <reporter-output>
          </reporter-output>
        </test-method> <!-- setUp -->
        <test-method status="PASS" signature="gettingReponse_Using_ResponseBuilder_restassured()[pri:0, instance:specs.ResponseSpecificationDEMO@610694f1]" name="gettingReponse_Using_ResponseBuilder_restassured" duration-ms="2199" started-at="2018-02-17T12:51:02Z" finished-at="2018-02-17T12:51:04Z">
          <reporter-output>
          </reporter-output>
        </test-method> <!-- gettingReponse_Using_ResponseBuilder_restassured -->
        <test-method status="PASS" signature="readTweet()[pri:0, instance:specs.ResponseSpecificationDEMO@610694f1]" name="readTweet" duration-ms="917" started-at="2018-02-17T12:51:04Z" finished-at="2018-02-17T12:51:05Z">
          <reporter-output>
          </reporter-output>
        </test-method> <!-- readTweet -->
      </class> <!-- specs.ResponseSpecificationDEMO -->
    </test> <!-- Default test -->
  </suite> <!-- Default suite -->
</testng-results>
