<?xml version="1.0" encoding="UTF-8"?>
<!-- Generated by org.testng.reporters.JUnitXMLReporter -->
<testsuite hostname="Samis-MacBook-Pro.local" ignored="1" name="Default test" tests="1" failures="0" timestamp="22 Jan 2018 20:29:30 GMT" time="1.307" errors="0">
  <testcase name="getRequestBody" time="0.945" classname="basics.GetRequestDemo"/>
  <testcase name="statusCode_Verification" time="0.0" classname="basics.GetRequestDemo">
    <ignored/>
  </testcase> <!-- statusCode_Verification -->
</testsuite> <!-- Default test -->
