<?xml version="1.0" encoding="UTF-8"?>
<!-- Generated by org.testng.reporters.JUnitXMLReporter -->
<testsuite hostname="Samis-MBP" ignored="2" name="test" tests="1" failures="0" timestamp="06 Jan 2018 05:52:18 GMT" time="13.745" errors="0">
  <testcase name="valid_User_login_Test" time="7.707" classname="com.crm.qa.testcases.LoginPageTest"/>
  <testcase name="loginPageTitleTest" time="0.0" classname="com.crm.qa.testcases.LoginPageTest">
    <ignored/>
  </testcase> <!-- loginPageTitleTest -->
  <testcase name="validate_HomePage_LOGO" time="0.0" classname="com.crm.qa.testcases.LoginPageTest">
    <ignored/>
  </testcase> <!-- validate_HomePage_LOGO -->
</testsuite> <!-- test -->
