<?xml version="1.0" encoding="UTF-8"?>
<testng-results skipped="0" failed="0" ignored="1" total="2" passed="1">
  <reporter-output>
  </reporter-output>
  <suite name="lyrics web app suits" duration-ms="34896" started-at="2018-01-04T23:32:42Z" finished-at="2018-01-04T23:33:17Z">
    <groups>
    </groups>
    <test name="lyric test case 1.4" duration-ms="34896" started-at="2018-01-04T23:32:42Z" finished-at="2018-01-04T23:33:17Z">
      <class name="tests.HomePageTest">
        <test-method status="PASS" signature="setUp(boolean, java.lang.String, boolean, java.lang.String, java.lang.String, java.lang.String, java.lang.String, java.lang.String, java.lang.String)[pri:0, instance:tests.HomePageTest@31dc339b]" name="setUp" is-config="true" duration-ms="23520" started-at="2018-01-04T18:32:42Z" finished-at="2018-01-04T18:33:06Z">
          <params>
            <param index="0">
              <value>
                <![CDATA[false]]>
              </value>
            </param>
            <param index="1">
              <value>
                <![CDATA[saucelabs]]>
              </value>
            </param>
            <param index="2">
              <value>
                <![CDATA[false]]>
              </value>
            </param>
            <param index="3">
              <value>
                <![CDATA[mac]]>
              </value>
            </param>
            <param index="4">
              <value>
                <![CDATA[Mac]]>
              </value>
            </param>
            <param index="5">
              <value>
                <![CDATA[Sierra]]>
              </value>
            </param>
            <param index="6">
              <value>
                <![CDATA[chrome]]>
              </value>
            </param>
            <param index="7">
              <value>
                <![CDATA[54.0]]>
              </value>
            </param>
            <param index="8">
              <value>
                <![CDATA[https://www.lyrics.com/]]>
              </value>
            </param>
          </params>
          <reporter-output>
          </reporter-output>
        </test-method> <!-- setUp -->
        <test-method status="PASS" signature="testCommonAPIMethods()[pri:0, instance:tests.HomePageTest@31dc339b]" name="testCommonAPIMethods" duration-ms="11284" started-at="2018-01-04T18:33:06Z" finished-at="2018-01-04T18:33:17Z">
          <reporter-output>
          </reporter-output>
        </test-method> <!-- testCommonAPIMethods -->
        <test-method status="PASS" signature="cleanUp()[pri:0, instance:tests.HomePageTest@31dc339b]" name="cleanUp" is-config="true" duration-ms="77" started-at="2018-01-04T18:33:17Z" finished-at="2018-01-04T18:33:17Z">
          <reporter-output>
          </reporter-output>
        </test-method> <!-- cleanUp -->
      </class> <!-- tests.HomePageTest -->
    </test> <!-- lyric test case 1.4 -->
  </suite> <!-- lyrics web app suits -->
</testng-results>
