<?xml version="1.0" encoding="UTF-8"?>
<!-- Generated by org.testng.reporters.JUnitXMLReporter -->
<testsuite hostname="Samis-MacBook-Pro.local" ignored="0" name="Default test" tests="3" failures="0" timestamp="27 Dec 2017 23:48:52 GMT" time="20.415" errors="0">
  <testcase name="loginPageTitleTest" time="0.015" classname="com.crm.qa.testcases.LoginPageTest"/>
  <testcase name="validate_HomePage_LOGO" time="0.029" classname="com.crm.qa.testcases.LoginPageTest"/>
  <testcase name="valid_User_login_Test" time="11.394" classname="com.crm.qa.testcases.LoginPageTest"/>
</testsuite> <!-- Default test -->
