<?xml version="1.0" encoding="UTF-8"?>
<testng-results skipped="0" failed="0" ignored="0" total="1" passed="1">
  <reporter-output>
  </reporter-output>
  <suite name="The Great Courses suits" duration-ms="40511" started-at="2018-01-05T16:59:10Z" finished-at="2018-01-05T16:59:51Z">
    <groups>
    </groups>
    <test name="test" duration-ms="40511" started-at="2018-01-05T16:59:10Z" finished-at="2018-01-05T16:59:51Z">
      <class name="tests_TheGreatCourses.Test1">
        <test-method status="PASS" signature="Initialize()[pri:0, instance:tests_TheGreatCourses.Test1@1e127982]" name="Initialize" is-config="true" duration-ms="9941" started-at="2018-01-05T11:59:10Z" finished-at="2018-01-05T11:59:20Z">
          <reporter-output>
          </reporter-output>
        </test-method> <!-- Initialize -->
        <test-method status="PASS" signature="test_ProductPurchase_Item_Zero_to_infinity()[pri:0, instance:tests_TheGreatCourses.Test1@1e127982]" name="test_ProductPurchase_Item_Zero_to_infinity" duration-ms="30465" started-at="2018-01-05T11:59:20Z" finished-at="2018-01-05T11:59:51Z">
          <reporter-output>
          </reporter-output>
        </test-method> <!-- test_ProductPurchase_Item_Zero_to_infinity -->
        <test-method status="PASS" signature="tearDown()[pri:0, instance:tests_TheGreatCourses.Test1@1e127982]" name="tearDown" is-config="true" duration-ms="87" started-at="2018-01-05T11:59:51Z" finished-at="2018-01-05T11:59:51Z">
          <reporter-output>
          </reporter-output>
        </test-method> <!-- tearDown -->
      </class> <!-- tests_TheGreatCourses.Test1 -->
    </test> <!-- test -->
  </suite> <!-- The Great Courses suits -->
</testng-results>
