<?xml version="1.0" encoding="UTF-8"?>
<!-- Generated by org.testng.reporters.JUnitXMLReporter -->
<testsuite hostname="Samis-MacBook-Pro.local" ignored="0" name="Default test" tests="3" failures="0" timestamp="17 Feb 2018 01:27:31 GMT" time="2.918" errors="0">
  <testcase name="postTWEET" time="2.01" classname="samples.POST_GET_DELETE_WORKFLOW"/>
  <testcase name="readTweet_Using_Get_Request" time="0.281" classname="samples.POST_GET_DELETE_WORKFLOW"/>
  <testcase name="deleteTweet" time="0.251" classname="samples.POST_GET_DELETE_WORKFLOW"/>
</testsuite> <!-- Default test -->
