<?xml version="1.0" encoding="UTF-8"?>
<!-- Generated by org.testng.reporters.JUnitXMLReporter -->
<testsuite hostname="Samis-MacBook-Pro.local" ignored="0" name="Default test" tests="2" failures="0" timestamp="17 Feb 2018 17:51:10 GMT" time="3.779" errors="0">
  <testcase name="gettingReponse_Using_ResponseBuilder_restassured" time="2.199" classname="specs.ResponseSpecificationDEMO"/>
  <testcase name="readTweet" time="0.917" classname="specs.ResponseSpecificationDEMO"/>
</testsuite> <!-- Default test -->
