<?xml version="1.0" encoding="UTF-8"?><testsuite failures="0" name="cucumber.runtime.formatter.JUnitFormatter" skipped="0" tests="1" time="14.032888">
<testcase classname="What can i afford Calc" name="user should be able to calculate the ideal range for buying a car" time="14.032888">
<system-out><![CDATA[Given user navigates to the Edmunds Calculator webapp page..................passed
Then user enters "350" in the what can i afford field.......................passed
Then user clicks the Go button..............................................passed
And user is navigated to the calculators affordability......................passed
Then user enters the "22042"................................................passed
Then user enters "5000".....................................................passed
Then user clicks calculate button...........................................passed
]]></system-out>
</testcase>
</testsuite>
