<?xml version="1.0" encoding="UTF-8"?>
<!-- Generated by org.testng.reporters.JUnitXMLReporter -->
<testsuite hostname="Samis-MacBook-Pro.local" ignored="1" name="lyric test case 1.4" tests="1" failures="0" timestamp="04 Jan 2018 23:33:22 GMT" time="34.896" errors="0">
  <testcase name="testCommonAPIMethods" time="11.284" classname="tests.HomePageTest"/>
  <testcase name="searchForLyrics" time="0.0" classname="tests.HomePageTest">
    <ignored/>
  </testcase> <!-- searchForLyrics -->
</testsuite> <!-- lyric test case 1.4 -->
