<?xml version="1.0" encoding="UTF-8"?><testsuite failures="2" name="cucumber.runtime.formatter.JUnitFormatter" skipped="0" tests="2" time="16.046242">
<testcase classname="free crm application test" name="validate valid login to home page test" time="6.318977">
<failure message="java.lang.NullPointerException&#10;&#9;at stepDefinitions.ValidLoginStepDefinitions.user_is_on_the_login_page(ValidLoginStepDefinitions.java:35)&#10;&#9;at ✽.Then user is on the login page(/Users/sami/git/EclipseWorkSpace/POM_BDDcucumber/src/test/java/features/ValidLoginFeature.feature:6)&#10;"><![CDATA[Given user opens browser and navigates to FreeCrm web page..................passed
Then user is on the login page..............................................failed
And user enters "samisabir212" and "Peoplentech212".........................skipped
Then clicks login button....................................................skipped
Then validate home page.....................................................skipped

StackTrace:
java.lang.NullPointerException
	at stepDefinitions.ValidLoginStepDefinitions.user_is_on_the_login_page(ValidLoginStepDefinitions.java:35)
	at ✽.Then user is on the login page(/Users/sami/git/EclipseWorkSpace/POM_BDDcucumber/src/test/java/features/ValidLoginFeature.feature:6)
]]></failure>
</testcase>
<testcase classname="free crm application test" name="validate valid login to home page test 2" time="9.727265">
<failure message="java.lang.NullPointerException&#10;&#9;at stepDefinitions.ValidLoginStepDefinitions.user_is_on_the_login_page(ValidLoginStepDefinitions.java:35)&#10;&#9;at ✽.Then user is on the login page(/Users/sami/git/EclipseWorkSpace/POM_BDDcucumber/src/test/java/features/ValidLoginFeature.feature:6)&#10;"><![CDATA[Given user opens browser and navigates to FreeCrm web page..................passed
Then user is on the login page..............................................failed
And user enters "hifdsklfjlds" and "sasas"..................................skipped
Then clicks login button....................................................skipped
Then validate home page.....................................................skipped

StackTrace:
java.lang.NullPointerException
	at stepDefinitions.ValidLoginStepDefinitions.user_is_on_the_login_page(ValidLoginStepDefinitions.java:35)
	at ✽.Then user is on the login page(/Users/sami/git/EclipseWorkSpace/POM_BDDcucumber/src/test/java/features/ValidLoginFeature.feature:6)
]]></failure>
</testcase>
</testsuite>
