<?xml version="1.0" encoding="UTF-8"?>
<testng-results skipped="0" failed="0" ignored="0" total="1" passed="1">
  <reporter-output>
  </reporter-output>
  <suite name="Default suite" duration-ms="2848" started-at="2018-01-23T05:25:35Z" finished-at="2018-01-23T05:25:38Z">
    <groups>
    </groups>
    <test name="Default test" duration-ms="2848" started-at="2018-01-23T05:25:35Z" finished-at="2018-01-23T05:25:38Z">
      <class name="basics.ValidateResponseBody">
        <test-method status="PASS" signature="setUp()[pri:0, instance:basics.ValidateResponseBody@6325a3ee]" name="setUp" is-config="true" duration-ms="364" started-at="2018-01-23T00:25:35Z" finished-at="2018-01-23T00:25:36Z">
          <reporter-output>
          </reporter-output>
        </test-method> <!-- setUp -->
        <test-method status="PASS" signature="validateTextInDistanceMatrix()[pri:0, instance:basics.ValidateResponseBody@6325a3ee]" name="validateTextInDistanceMatrix" duration-ms="2470" started-at="2018-01-23T00:25:36Z" finished-at="2018-01-23T00:25:38Z">
          <reporter-output>
          </reporter-output>
        </test-method> <!-- validateTextInDistanceMatrix -->
      </class> <!-- basics.ValidateResponseBody -->
    </test> <!-- Default test -->
  </suite> <!-- Default suite -->
</testng-results>
