<?xml version="1.0" encoding="UTF-8"?><testsuite failures="0" name="cucumber.runtime.formatter.JUnitFormatter" skipped="0" tests="1" time="13.219977">
<testcase classname="Free CRM Login Feature" name="Free CRM Login test scenario" time="13.219977">
<system-out><![CDATA[Given user is already on the login page.....................................passed
When title of login page is Free CRM........................................passed
Then user enters "samisabir212" and "Peoplentech212"........................passed
Then user clicks on login button............................................passed
And user is on the home page................................................passed
Then user closes the browser................................................passed
]]></system-out>
</testcase>
</testsuite>
