<?xml version="1.0" encoding="UTF-8"?><testsuite failures="2" name="cucumber.runtime.formatter.JUnitFormatter" skipped="0" tests="2" time="0">
<testcase classname="Free CRM Login Feature" name="Free CRM Login test scenario" time="0">
<failure message="The scenario has pending or undefined step(s)"><![CDATA[Given user is already on the login page.....................................undefined
When title of login page is Free CRM........................................skipped
Then user enters "samisabir212" and "Peoplentech212"........................undefined
Then user clicks on login button............................................skipped
And user is on the home page................................................undefined
Then user moves to the new contact page.....................................undefined
Then user enters contacts details "sami" and "sabir" and "Selenium Automation tester".undefined
Then user closes the browser................................................undefined
]]></failure>
</testcase>
<testcase classname="Free CRM Login Feature" name="Free CRM Login test scenario 2" time="0">
<failure message="The scenario has pending or undefined step(s)"><![CDATA[Given user is already on the login page.....................................undefined
When title of login page is Free CRM........................................skipped
Then user enters "samisabir212" and "Peoplentech212"........................undefined
Then user clicks on login button............................................skipped
And user is on the home page................................................undefined
Then user moves to the new contact page.....................................undefined
Then user enters contacts details "alfred" and "pupel" and "batman butler"..undefined
Then user closes the browser................................................undefined
]]></failure>
</testcase>
</testsuite>
